\BOOKMARK [0][-]{chapter.1}{The Basics}{}% 1
\BOOKMARK [1][-]{section.1.1}{Graphs}{chapter.1}% 2
\BOOKMARK [1][-]{section.1.2}{The degree of a vertex}{chapter.1}% 3
\BOOKMARK [1][-]{section.1.3}{Paths and cycles}{chapter.1}% 4
\BOOKMARK [1][-]{section.1.4}{Connectivity}{chapter.1}% 5
\BOOKMARK [1][-]{section.1.5}{Bipartite graphs}{chapter.1}% 6
\BOOKMARK [0][-]{chapter.2}{Matchings}{}% 7
\BOOKMARK [1][-]{section.2.1}{Matching in bipartite graphs}{chapter.2}% 8
\BOOKMARK [2][-]{subsection.2.1.1}{K\366nig's theorem \(1931\)}{section.2.1}% 9
\BOOKMARK [2][-]{subsection.2.1.2}{Hall's theorem \(1935\)}{section.2.1}% 10
\BOOKMARK [1][-]{section.2.2}{Matching in general graphs}{chapter.2}% 11
\BOOKMARK [2][-]{subsection.2.2.1}{Tutte's theorem \(1947\)}{section.2.2}% 12
\BOOKMARK [0][-]{chapter.3}{Connectivity}{}% 13
\BOOKMARK [1][-]{section.3.1}{2-Connected graphs and subgraphs}{chapter.3}% 14
\BOOKMARK [2][-]{subsection.3.1.1}{Theorem: ear decomposition of 2-connected graphs}{section.3.1}% 15
\BOOKMARK [1][-]{section.3.2}{The structure of 3-connected graphs}{chapter.3}% 16
\BOOKMARK [2][-]{subsection.3.2.1}{Lemma \(Tutte\)}{section.3.2}% 17
\BOOKMARK [1][-]{section.3.3}{Menger's theorem}{chapter.3}% 18
\BOOKMARK [2][-]{subsection.3.3.1}{Menger's theorem \(global version\)}{section.3.3}% 19
\BOOKMARK [0][-]{chapter.4}{Planar graphs}{}% 20
\BOOKMARK [1][-]{subsection.4.0.1}{Lemma 1}{chapter.4}% 21
\BOOKMARK [2][-]{subsection.4.0.2}{Lemma 2}{subsection.4.0.1}% 22
\BOOKMARK [2][-]{subsection.4.0.3}{Lemma 3}{subsection.4.0.1}% 23
\BOOKMARK [2][-]{subsection.4.0.4}{Theorem 1: Euler's formula}{subsection.4.0.1}% 24
\BOOKMARK [2][-]{subsection.4.0.5}{Corollary 1}{subsection.4.0.1}% 25
\BOOKMARK [2][-]{subsection.4.0.6}{Corollary 2}{subsection.4.0.1}% 26
\BOOKMARK [2][-]{subsection.4.0.7}{Lemma 3}{subsection.4.0.1}% 27
\BOOKMARK [2][-]{subsection.4.0.8}{Corollary 3}{subsection.4.0.1}% 28
\BOOKMARK [2][-]{subsection.4.0.9}{Corollary 4}{subsection.4.0.1}% 29
\BOOKMARK [2][-]{subsection.4.0.10}{Theorem 2: Kuratowski \(1930\)}{subsection.4.0.1}% 30
\BOOKMARK [0][-]{chapter.5}{Colouring}{}% 31
\BOOKMARK [1][-]{section.5.1}{Colouring maps and planar graphs}{chapter.5}% 32
\BOOKMARK [2][-]{subsection.5.1.1}{The four colour conjecture \(1852\)}{section.5.1}% 33
\BOOKMARK [2][-]{subsection.5.1.2}{The five colour theorem \(Kempe and Heawood, 1890\)}{section.5.1}% 34
\BOOKMARK [2][-]{subsection.5.1.3}{Discharging method \(Weinicke, 1904\)}{section.5.1}% 35
\BOOKMARK [2][-]{subsection.5.1.4}{Theorem \(Erdos, 1950\)}{section.5.1}% 36
\BOOKMARK [1][-]{section.5.2}{Perfect graphs}{chapter.5}% 37
\BOOKMARK [2][-]{subsection.5.2.1}{Weak perfect graph conjecture}{section.5.2}% 38
\BOOKMARK [2][-]{subsection.5.2.2}{Strong perfect graph conjecture}{section.5.2}% 39
\BOOKMARK [0][-]{chapter.6}{Random graphs}{}% 40
\BOOKMARK [1][-]{section.6.1}{The notion of a random graph}{chapter.6}% 41
\BOOKMARK [2][-]{subsection.6.1.1}{Theorem}{section.6.1}% 42
\BOOKMARK [2][-]{subsection.6.1.2}{Theorem \(Erdos, 1956\)}{section.6.1}% 43
\BOOKMARK [2][-]{subsection.6.1.3}{Lemma}{section.6.1}% 44
\BOOKMARK [1][-]{section.6.2}{The probabilistic method}{chapter.6}% 45
\BOOKMARK [2][-]{subsection.6.2.1}{Lemma}{section.6.2}% 46
\BOOKMARK [2][-]{subsection.6.2.2}{First moment method}{section.6.2}% 47
\BOOKMARK [2][-]{subsection.6.2.3}{Local lemma}{section.6.2}% 48
\BOOKMARK [2][-]{subsection.6.2.4}{Union bound}{section.6.2}% 49
\BOOKMARK [2][-]{subsection.6.2.5}{Lov\341sz local lemma \(asymmetric version\)}{section.6.2}% 50
\BOOKMARK [2][-]{subsection.6.2.6}{Hypergraph 2-coloring}{section.6.2}% 51
\BOOKMARK [2][-]{subsection.6.2.7}{Theorem}{section.6.2}% 52
\BOOKMARK [2][-]{subsection.6.2.8}{Constructive proof}{section.6.2}% 53
\BOOKMARK [2][-]{subsection.6.2.9}{Analysis \(not for exam\)}{section.6.2}% 54
\BOOKMARK [0][-]{chapter*.8}{References}{}% 55
